0 verbose cli C:\Program Files\nodejs\node.exe C:\Users\paradise\AppData\Roaming\npm\node_modules\npm\bin\npm-cli.js
1 info using npm@11.3.0
2 info using node@v22.15.0
3 silly config load:file:C:\Users\paradise\AppData\Roaming\npm\node_modules\npm\npmrc
4 silly config load:file:C:\Users\paradise\OneDrive\Desktop\day4 (2)\Token_login_practice\.npmrc
5 silly config load:file:C:\Users\paradise\.npmrc
6 silly config load:file:C:\Users\paradise\AppData\Roaming\npm\etc\npmrc
7 verbose title npm install
8 verbose argv "install"
9 verbose logfile logs-max:10 dir:C:\Users\paradise\OneDrive\Desktop\day4 (2)\Token_login_practice\npm-cache\_logs\2025-05-15T03_51_47_792Z-
10 verbose logfile C:\Users\paradise\OneDrive\Desktop\day4 (2)\Token_login_practice\npm-cache\_logs\2025-05-15T03_51_47_792Z-debug-0.log
11 silly logfile done cleaning log files
12 silly packumentCache heap:4345298944 maxSize:1086324736 maxEntrySize:543162368
13 silly idealTree buildDeps
14 verbose shrinkwrap failed to load node_modules/.package-lock.json out of date, updated: node_modules
15 http fetch GET 200 https://registry.npmjs.org/npm 362ms
16 silly reify mark retired [
16 silly reify   'C:\\Users\\paradise\\OneDrive\\Desktop\\day4 (2)\\Token_login_practice\\node_modules\\mime',
16 silly reify   'C:\\Users\\paradise\\OneDrive\\Desktop\\day4 (2)\\Token_login_practice\\node_modules\\.bin\\mime',
16 silly reify   'C:\\Users\\paradise\\OneDrive\\Desktop\\day4 (2)\\Token_login_practice\\node_modules\\.bin\\mime.cmd',
16 silly reify   'C:\\Users\\paradise\\OneDrive\\Desktop\\day4 (2)\\Token_login_practice\\node_modules\\.bin\\mime.ps1'
16 silly reify ]
17 silly reify mark retired [
17 silly reify   'C:\\Users\\paradise\\OneDrive\\Desktop\\day4 (2)\\Token_login_practice\\node_modules\\semver',
17 silly reify   'C:\\Users\\paradise\\OneDrive\\Desktop\\day4 (2)\\Token_login_practice\\node_modules\\.bin\\semver',
17 silly reify   'C:\\Users\\paradise\\OneDrive\\Desktop\\day4 (2)\\Token_login_practice\\node_modules\\.bin\\semver.cmd',
17 silly reify   'C:\\Users\\paradise\\OneDrive\\Desktop\\day4 (2)\\Token_login_practice\\node_modules\\.bin\\semver.ps1'
17 silly reify ]
18 silly reify moves {
18 silly reify   'C:\\Users\\paradise\\OneDrive\\Desktop\\day4 (2)\\Token_login_practice\\node_modules\\mime': 'C:\\Users\\paradise\\OneDrive\\Desktop\\day4 (2)\\Token_login_practice\\node_modules\\.mime-nB5ZYRQP',
18 silly reify   'C:\\Users\\paradise\\OneDrive\\Desktop\\day4 (2)\\Token_login_practice\\node_modules\\.bin\\mime': 'C:\\Users\\paradise\\OneDrive\\Desktop\\day4 (2)\\Token_login_practice\\node_modules\\.bin\\.mime-3yBFIi3H',
18 silly reify   'C:\\Users\\paradise\\OneDrive\\Desktop\\day4 (2)\\Token_login_practice\\node_modules\\.bin\\mime.cmd': 'C:\\Users\\paradise\\OneDrive\\Desktop\\day4 (2)\\Token_login_practice\\node_modules\\.bin\\.mime.cmd-BFVYZUI6',
18 silly reify   'C:\\Users\\paradise\\OneDrive\\Desktop\\day4 (2)\\Token_login_practice\\node_modules\\.bin\\mime.ps1': 'C:\\Users\\paradise\\OneDrive\\Desktop\\day4 (2)\\Token_login_practice\\node_modules\\.bin\\.mime.ps1-PlvaU0y8',
18 silly reify   'C:\\Users\\paradise\\OneDrive\\Desktop\\day4 (2)\\Token_login_practice\\node_modules\\semver': 'C:\\Users\\paradise\\OneDrive\\Desktop\\day4 (2)\\Token_login_practice\\node_modules\\.semver-A8hwDZiU',
18 silly reify   'C:\\Users\\paradise\\OneDrive\\Desktop\\day4 (2)\\Token_login_practice\\node_modules\\.bin\\semver': 'C:\\Users\\paradise\\OneDrive\\Desktop\\day4 (2)\\Token_login_practice\\node_modules\\.bin\\.semver-0KzuNTYq',
18 silly reify   'C:\\Users\\paradise\\OneDrive\\Desktop\\day4 (2)\\Token_login_practice\\node_modules\\.bin\\semver.cmd': 'C:\\Users\\paradise\\OneDrive\\Desktop\\day4 (2)\\Token_login_practice\\node_modules\\.bin\\.semver.cmd-LZugLxto',
18 silly reify   'C:\\Users\\paradise\\OneDrive\\Desktop\\day4 (2)\\Token_login_practice\\node_modules\\.bin\\semver.ps1': 'C:\\Users\\paradise\\OneDrive\\Desktop\\day4 (2)\\Token_login_practice\\node_modules\\.bin\\.semver.ps1-iFdnTDFs'
18 silly reify }
19 silly audit bulk request {
19 silly audit   accepts: [ '1.3.8' ],
19 silly audit   'array-flatten': [ '1.1.1' ],
19 silly audit   'body-parser': [ '1.20.2' ],
19 silly audit   'buffer-equal-constant-time': [ '1.0.1' ],
19 silly audit   bytes: [ '3.1.2' ],
19 silly audit   'call-bind': [ '1.0.7' ],
19 silly audit   'content-disposition': [ '0.5.4' ],
19 silly audit   'content-type': [ '1.0.5' ],
19 silly audit   cookie: [ '0.4.1', '0.6.0' ],
19 silly audit   'cookie-parser': [ '1.4.6' ],
19 silly audit   'cookie-signature': [ '1.0.6', '1.0.7' ],
19 silly audit   cors: [ '2.8.5' ],
19 silly audit   debug: [ '2.6.9' ],
19 silly audit   'define-data-property': [ '1.1.4' ],
19 silly audit   depd: [ '2.0.0' ],
19 silly audit   destroy: [ '1.2.0' ],
19 silly audit   'ecdsa-sig-formatter': [ '1.0.11' ],
19 silly audit   'ee-first': [ '1.1.1' ],
19 silly audit   encodeurl: [ '1.0.2' ],
19 silly audit   'es-define-property': [ '1.0.0' ],
19 silly audit   'es-errors': [ '1.3.0' ],
19 silly audit   'escape-html': [ '1.0.3' ],
19 silly audit   etag: [ '1.8.1' ],
19 silly audit   express: [ '4.19.2' ],
19 silly audit   'express-session': [ '1.18.0' ],
19 silly audit   finalhandler: [ '1.2.0' ],
19 silly audit   forwarded: [ '0.2.0' ],
19 silly audit   fresh: [ '0.5.2' ],
19 silly audit   'function-bind': [ '1.1.2' ],
19 silly audit   'get-intrinsic': [ '1.2.4' ],
19 silly audit   gopd: [ '1.0.1' ],
19 silly audit   'has-property-descriptors': [ '1.0.2' ],
19 silly audit   'has-proto': [ '1.0.3' ],
19 silly audit   'has-symbols': [ '1.0.3' ],
19 silly audit   hasown: [ '2.0.2' ],
19 silly audit   'http-errors': [ '2.0.0' ],
19 silly audit   'iconv-lite': [ '0.4.24' ],
19 silly audit   inherits: [ '2.0.4' ],
19 silly audit   'ipaddr.js': [ '1.9.1' ],
19 silly audit   jsonwebtoken: [ '9.0.2' ],
19 silly audit   ms: [ '2.1.3', '2.0.0' ],
19 silly audit   jwa: [ '1.4.1' ],
19 silly audit   jws: [ '3.2.2' ],
19 silly audit   'lodash.includes': [ '4.3.0' ],
19 silly audit   'lodash.isboolean': [ '3.0.3' ],
19 silly audit   'lodash.isinteger': [ '4.0.4' ],
19 silly audit   'lodash.isnumber': [ '3.0.3' ],
19 silly audit   'lodash.isplainobject': [ '4.0.6' ],
19 silly audit   'lodash.isstring': [ '4.0.1' ],
19 silly audit   'lodash.once': [ '4.1.1' ],
19 silly audit   'media-typer': [ '0.3.0' ],
19 silly audit   'merge-descriptors': [ '1.0.1' ],
19 silly audit   methods: [ '1.1.2' ],
19 silly audit   mime: [ '1.6.0' ],
19 silly audit   'mime-db': [ '1.52.0' ],
19 silly audit   'mime-types': [ '2.1.35' ],
19 silly audit   negotiator: [ '0.6.3' ],
19 silly audit   'object-assign': [ '4.1.1' ],
19 silly audit   'object-inspect': [ '1.13.2' ],
19 silly audit   'on-finished': [ '2.4.1' ],
19 silly audit   'on-headers': [ '1.0.2' ],
19 silly audit   parseurl: [ '1.3.3' ],
19 silly audit   'path-to-regexp': [ '0.1.7' ],
19 silly audit   'proxy-addr': [ '2.0.7' ],
19 silly audit   qs: [ '6.11.0' ],
19 silly audit   'random-bytes': [ '1.0.0' ],
19 silly audit   'range-parser': [ '1.2.1' ],
19 silly audit   'raw-body': [ '2.5.2' ],
19 silly audit   'safe-buffer': [ '5.2.1' ],
19 silly audit   'safer-buffer': [ '2.1.2' ],
19 silly audit   semver: [ '7.6.3' ],
19 silly audit   send: [ '0.18.0' ],
19 silly audit   'serve-static': [ '1.15.0' ],
19 silly audit   'set-function-length': [ '1.2.2' ],
19 silly audit   setprototypeof: [ '1.2.0' ],
19 silly audit   'side-channel': [ '1.0.6' ],
19 silly audit   statuses: [ '2.0.1' ],
19 silly audit   toidentifier: [ '1.0.1' ],
19 silly audit   'type-is': [ '1.6.18' ],
19 silly audit   'uid-safe': [ '2.1.5' ],
19 silly audit   unpipe: [ '1.0.0' ],
19 silly audit   'utils-merge': [ '1.0.1' ],
19 silly audit   vary: [ '1.1.2' ]
19 silly audit }
20 http cache semver@https://registry.npmjs.org/semver/-/semver-7.6.3.tgz 0ms (cache hit)
21 http cache mime@https://registry.npmjs.org/mime/-/mime-1.6.0.tgz 0ms (cache hit)
22 silly tarball no local data for semver@https://registry.npmjs.org/semver/-/semver-7.6.3.tgz. Extracting by manifest.
23 silly tarball no local data for mime@https://registry.npmjs.org/mime/-/mime-1.6.0.tgz. Extracting by manifest.
24 http fetch POST 200 https://registry.npmjs.org/-/npm/v1/security/advisories/bulk 215ms
25 silly audit report {
25 silly audit report   'body-parser': [
25 silly audit report     {
25 silly audit report       id: 1099520,
25 silly audit report       url: 'https://github.com/advisories/GHSA-qwcr-r2fm-qrc7',
25 silly audit report       title: 'body-parser vulnerable to denial of service when url encoding is enabled',
25 silly audit report       severity: 'high',
25 silly audit report       vulnerable_versions: '<1.20.3',
25 silly audit report       cwe: [Array],
25 silly audit report       cvss: [Object]
25 silly audit report     }
25 silly audit report   ],
25 silly audit report   cookie: [
25 silly audit report     {
25 silly audit report       id: 1103907,
25 silly audit report       url: 'https://github.com/advisories/GHSA-pxg6-pf52-xh8x',
25 silly audit report       title: 'cookie accepts cookie name, path, and domain with out of bounds characters',
25 silly audit report       severity: 'low',
25 silly audit report       vulnerable_versions: '<0.7.0',
25 silly audit report       cwe: [Array],
25 silly audit report       cvss: [Object]
25 silly audit report     }
25 silly audit report   ],
25 silly audit report   express: [
25 silly audit report     {
25 silly audit report       id: 1100530,
25 silly audit report       url: 'https://github.com/advisories/GHSA-qw6h-vgh9-j6wx',
25 silly audit report       title: 'express vulnerable to XSS via response.redirect()',
25 silly audit report       severity: 'low',
25 silly audit report       vulnerable_versions: '<4.20.0',
25 silly audit report       cwe: [Array],
25 silly audit report       cvss: [Object]
25 silly audit report     }
25 silly audit report   ],
25 silly audit report   'path-to-regexp': [
25 silly audit report     {
25 silly audit report       id: 1101844,
25 silly audit report       url: 'https://github.com/advisories/GHSA-rhx6-c78j-4q9w',
25 silly audit report       title: 'Unpatched `path-to-regexp` ReDoS in 0.1.x',
25 silly audit report       severity: 'high',
25 silly audit report       vulnerable_versions: '<0.1.12',
25 silly audit report       cwe: [Array],
25 silly audit report       cvss: [Object]
25 silly audit report     },
25 silly audit report     {
25 silly audit report       id: 1101850,
25 silly audit report       url: 'https://github.com/advisories/GHSA-9wv6-86v2-598j',
25 silly audit report       title: 'path-to-regexp outputs backtracking regular expressions',
25 silly audit report       severity: 'high',
25 silly audit report       vulnerable_versions: '<0.1.10',
25 silly audit report       cwe: [Array],
25 silly audit report       cvss: [Object]
25 silly audit report     }
25 silly audit report   ],
25 silly audit report   send: [
25 silly audit report     {
25 silly audit report       id: 1100526,
25 silly audit report       url: 'https://github.com/advisories/GHSA-m6fv-jmcg-4jfg',
25 silly audit report       title: 'send vulnerable to template injection that can lead to XSS',
25 silly audit report       severity: 'low',
25 silly audit report       vulnerable_versions: '<0.19.0',
25 silly audit report       cwe: [Array],
25 silly audit report       cvss: [Object]
25 silly audit report     }
25 silly audit report   ],
25 silly audit report   'serve-static': [
25 silly audit report     {
25 silly audit report       id: 1100528,
25 silly audit report       url: 'https://github.com/advisories/GHSA-cm22-4g7w-348p',
25 silly audit report       title: 'serve-static vulnerable to template injection that can lead to XSS',
25 silly audit report       severity: 'low',
25 silly audit report       vulnerable_versions: '<1.16.0',
25 silly audit report       cwe: [Array],
25 silly audit report       cvss: [Object]
25 silly audit report     }
25 silly audit report   ]
25 silly audit report }
26 silly packumentCache corgi:https://registry.npmjs.org/body-parser cache-miss
27 silly packumentCache corgi:https://registry.npmjs.org/cookie cache-miss
28 silly packumentCache corgi:https://registry.npmjs.org/express cache-miss
29 silly packumentCache corgi:https://registry.npmjs.org/path-to-regexp cache-miss
30 silly packumentCache corgi:https://registry.npmjs.org/send cache-miss
31 silly packumentCache corgi:https://registry.npmjs.org/serve-static cache-miss
32 http fetch GET 200 https://registry.npmjs.org/mime/-/mime-1.6.0.tgz 320ms (cache miss)
33 http fetch GET 200 https://registry.npmjs.org/cookie 151ms (cache miss)
34 silly packumentCache corgi:https://registry.npmjs.org/cookie set size:undefined disposed:false
35 http fetch GET 200 https://registry.npmjs.org/body-parser 190ms (cache miss)
36 silly packumentCache corgi:https://registry.npmjs.org/body-parser set size:undefined disposed:false
37 http fetch GET 200 https://registry.npmjs.org/express 204ms (cache miss)
38 silly packumentCache corgi:https://registry.npmjs.org/express set size:undefined disposed:false
39 http fetch GET 200 https://registry.npmjs.org/serve-static 248ms (cache miss)
40 silly packumentCache corgi:https://registry.npmjs.org/serve-static set size:undefined disposed:false
41 http fetch GET 200 https://registry.npmjs.org/send 256ms (cache miss)
42 silly packumentCache corgi:https://registry.npmjs.org/send set size:undefined disposed:false
43 http fetch GET 200 https://registry.npmjs.org/path-to-regexp 269ms (cache miss)
44 silly packumentCache corgi:https://registry.npmjs.org/path-to-regexp set size:undefined disposed:false
45 silly packumentCache corgi:https://registry.npmjs.org/cookie-parser cache-miss
46 silly packumentCache corgi:https://registry.npmjs.org/express-session cache-miss
47 http fetch GET 200 https://registry.npmjs.org/express-session 156ms (cache miss)
48 silly packumentCache corgi:https://registry.npmjs.org/express-session set size:undefined disposed:false
49 http fetch GET 200 https://registry.npmjs.org/cookie-parser 169ms (cache miss)
50 silly packumentCache corgi:https://registry.npmjs.org/cookie-parser set size:undefined disposed:false
51 http fetch GET 200 https://registry.npmjs.org/semver/-/semver-7.6.3.tgz 1096ms (cache miss)
52 silly CHANGE node_modules/semver
53 silly CHANGE node_modules/mime
54 verbose cwd C:\Users\paradise\OneDrive\Desktop\day4 (2)\Token_login_practice
55 verbose os Windows_NT 10.0.22631
56 verbose node v22.15.0
57 verbose npm  v11.3.0
58 verbose exit 0
59 info ok
